<?xml version="1.0" encoding="UTF-8"?>
<!-- Generated by org.testng.reporters.JUnitReportReporter -->
<testsuite hostname="veermadhu" failures="0" tests="2" name="BatchTesting.paymenttest" time="0.002" errors="0" timestamp="2021-11-08T19:55:22 IST" skipped="0">
  <testcase classname="BatchTesting.paymenttest" name="paymentinrupee" time="0.001"/>
  <system-out/>
  <testcase classname="BatchTesting.paymenttest" name="paymentindolle" time="0.001"/>
  <system-out/>
</testsuite> <!-- BatchTesting.paymenttest -->
