<?xml version="1.0" encoding="UTF-8"?>
<!-- Generated by org.testng.reporters.JUnitReportReporter -->
<testsuite hostname="veermadhu" failures="0" tests="1" name="Demo_GET_Request" time="13.489" errors="0" timestamp="2021-10-22T16:29:05 IST" skipped="0">
  <testcase classname="Demo_GET_Request" name="getweatherDetails" time="13.489"/>
  <system-out/>
</testsuite> <!-- Demo_GET_Request -->
