<?xml version="1.0" encoding="UTF-8"?>
<!-- Generated by org.testng.reporters.JUnitReportReporter -->
<testsuite hostname="veermadhu" failures="0" tests="1" name="HeadersTesting" time="5.833" errors="0" timestamp="2021-10-25T11:02:44 IST" skipped="0">
  <testcase classname="HeadersTesting" name="HeadersValidation" time="5.833"/>
  <system-out/>
</testsuite> <!-- HeadersTesting -->
