<?xml version="1.0" encoding="UTF-8"?>
<!-- Generated by org.testng.reporters.JUnitReportReporter -->
<testsuite hostname="veermadhu" failures="0" tests="3" name="BatchTesting.singupmwthod" time="0.010" errors="0" timestamp="2021-11-08T19:55:22 IST" skipped="0">
  <testcase classname="BatchTesting.singupmwthod" name="sighupbyemail" time="0.005"/>
  <system-out/>
  <testcase classname="BatchTesting.singupmwthod" name="sighupfb" time="0.003"/>
  <system-out/>
  <testcase classname="BatchTesting.singupmwthod" name="sighuptwitter" time="0.002"/>
  <system-out/>
</testsuite> <!-- BatchTesting.singupmwthod -->
