<?xml version="1.0" encoding="UTF-8"?>
<!-- Generated by org.testng.reporters.JUnitReportReporter -->
<testsuite hostname="veermadhu" failures="0" tests="1" name="demo_Post_Request" time="3.689" errors="0" timestamp="2021-10-22T16:59:02 IST" skipped="0">
  <testcase classname="demo_Post_Request" name="RegistrationSuccessful" time="3.689"/>
  <system-out/>
</testsuite> <!-- demo_Post_Request -->
