<?xml version="1.0" encoding="UTF-8"?>
<!-- Generated by org.testng.reporters.JUnitReportReporter -->
<testsuite hostname="veermadhu" failures="0" tests="3" name="BatchTesting.LoginTest" time="0.042" errors="0" timestamp="2021-11-08T19:55:22 IST" skipped="0">
  <testcase classname="BatchTesting.LoginTest" name="loginbyFb" time="0.032"/>
  <system-out/>
  <testcase classname="BatchTesting.LoginTest" name="loginbyTwitter" time="0.003"/>
  <system-out/>
  <testcase classname="BatchTesting.LoginTest" name="loginbyemail" time="0.007"/>
  <system-out/>
</testsuite> <!-- BatchTesting.LoginTest -->
