<?xml version="1.0" encoding="UTF-8"?>
<!-- Generated by org.testng.reporters.JUnitReportReporter -->
<testsuite hostname="veermadhu" failures="0" tests="1" name="Validating_JSON_ResponseBody" time="7.118" errors="0" timestamp="2021-10-26T18:03:09 IST" skipped="0">
  <testcase classname="Validating_JSON_ResponseBody" name="Validating_JSON_ResponseBody" time="7.118"/>
  <system-out/>
</testsuite> <!-- Validating_JSON_ResponseBody -->
