<?xml version="1.0" encoding="UTF-8"?>
<!-- Generated by org.testng.reporters.JUnitReportReporter -->
<testsuite hostname="veermadhu" failures="0" tests="1" name="BatchTesting.paymentsretuns" time="0.002" errors="0" timestamp="2021-11-08T19:55:22 IST" skipped="0">
  <testcase classname="BatchTesting.paymentsretuns" name="paymentretus" time="0.002"/>
  <system-out/>
</testsuite> <!-- BatchTesting.paymentsretuns -->
