<?xml version="1.0" encoding="UTF-8"?>
<!-- Generated by org.testng.reporters.JUnitReportReporter -->
<testsuite hostname="veermadhu" failures="0" tests="2" name="DataDrivenPackage.employedaitais" time="10.621" errors="0" timestamp="2021-10-28T12:47:02 IST" skipped="0">
  <testcase classname="DataDrivenPackage.employedaitais" name="Checkpost" time="10.169"/>
  <system-out/>
  <testcase classname="DataDrivenPackage.employedaitais" name="checkstatus" time="0.452"/>
  <system-out/>
</testsuite> <!-- DataDrivenPackage.employedaitais -->
